0 info it worked if it ends with ok
1 verbose cli [ 'node', '/usr/local/bin/npm', 'install', '-g', 'nodemon' ]
2 info using npm@2.5.1
3 info using node@v0.12.0
4 silly cache add args [ 'nodemon', null ]
5 verbose cache add spec nodemon
6 silly cache add parsed spec { raw: 'nodemon',
6 silly cache add   scope: null,
6 silly cache add   name: 'nodemon',
6 silly cache add   rawSpec: '',
6 silly cache add   spec: '*',
6 silly cache add   type: 'range' }
7 verbose addNamed nodemon@*
8 silly addNamed semver.valid null
9 silly addNamed semver.validRange *
10 silly addNameRange { name: 'nodemon', range: '*', hasData: false }
11 silly mapToRegistry name nodemon
12 silly mapToRegistry using default registry
13 silly mapToRegistry registry https://registry.npmjs.org/
14 silly mapToRegistry uri https://registry.npmjs.org/nodemon
15 verbose addNameRange registry:https://registry.npmjs.org/nodemon not in flight; fetching
16 verbose request uri https://registry.npmjs.org/nodemon
17 verbose request no auth needed
18 info attempt registry request try #1 at 09:54:47
19 verbose request id cd2f8aa5bcadc1c1
20 http request GET https://registry.npmjs.org/nodemon
21 http 200 https://registry.npmjs.org/nodemon
22 silly get cb [ 200,
22 silly get   { server: 'CouchDB/1.5.0 (Erlang OTP/R16B03)',
22 silly get     etag: '"CWWMYB5EKZT4555QT1NWETW72"',
22 silly get     'content-type': 'application/json',
22 silly get     'cache-control': 'max-age=60',
22 silly get     'content-length': '146520',
22 silly get     'accept-ranges': 'bytes',
22 silly get     date: 'Sun, 03 May 2015 07:54:49 GMT',
22 silly get     via: '1.1 varnish',
22 silly get     age: '0',
22 silly get     connection: 'keep-alive',
22 silly get     'x-served-by': 'cache-ams4124-AMS',
22 silly get     'x-cache': 'HIT',
22 silly get     'x-cache-hits': '1',
22 silly get     'x-timer': 'S1430639688.851333,VS0,VE379',
22 silly get     vary: 'Accept' } ]
23 verbose get saving nodemon to /Users/Guest/.npm/registry.npmjs.org/nodemon/.cache.json
24 silly addNameRange number 2 { name: 'nodemon', range: '*', hasData: true }
25 silly addNameRange versions [ 'nodemon',
25 silly addNameRange   [ '0.1.4',
25 silly addNameRange     '0.1.5',
25 silly addNameRange     '0.1.6',
25 silly addNameRange     '0.1.7',
25 silly addNameRange     '0.1.8',
25 silly addNameRange     '0.2.0',
25 silly addNameRange     '0.2.1',
25 silly addNameRange     '0.2.2',
25 silly addNameRange     '0.3.0',
25 silly addNameRange     '0.3.1',
25 silly addNameRange     '0.3.2',
25 silly addNameRange     '0.4.0',
25 silly addNameRange     '0.4.1',
25 silly addNameRange     '0.5.0',
25 silly addNameRange     '0.5.1',
25 silly addNameRange     '0.5.2',
25 silly addNameRange     '0.5.3',
25 silly addNameRange     '0.5.4',
25 silly addNameRange     '0.5.5',
25 silly addNameRange     '0.5.6',
25 silly addNameRange     '0.5.7',
25 silly addNameRange     '0.6.0',
25 silly addNameRange     '0.6.1',
25 silly addNameRange     '0.6.2',
25 silly addNameRange     '0.6.3',
25 silly addNameRange     '0.6.4',
25 silly addNameRange     '0.6.5',
25 silly addNameRange     '0.6.6',
25 silly addNameRange     '0.6.7',
25 silly addNameRange     '0.6.8',
25 silly addNameRange     '0.6.9',
25 silly addNameRange     '0.6.10',
25 silly addNameRange     '0.6.11',
25 silly addNameRange     '0.6.12',
25 silly addNameRange     '0.6.13',
25 silly addNameRange     '0.6.14',
25 silly addNameRange     '0.6.15',
25 silly addNameRange     '0.6.16',
25 silly addNameRange     '0.6.17',
25 silly addNameRange     '0.6.18',
25 silly addNameRange     '0.6.19',
25 silly addNameRange     '0.6.20',
25 silly addNameRange     '0.6.21',
25 silly addNameRange     '0.6.22',
25 silly addNameRange     '0.6.23',
25 silly addNameRange     '0.7.0',
25 silly addNameRange     '0.7.1',
25 silly addNameRange     '0.7.2',
25 silly addNameRange     '0.7.3',
25 silly addNameRange     '0.7.4',
25 silly addNameRange     '0.7.5',
25 silly addNameRange     '0.7.6',
25 silly addNameRange     '0.7.7',
25 silly addNameRange     '0.7.8',
25 silly addNameRange     '0.7.10',
25 silly addNameRange     '0.9.0',
25 silly addNameRange     '0.9.1',
25 silly addNameRange     '0.9.2',
25 silly addNameRange     '0.9.3',
25 silly addNameRange     '0.9.5',
25 silly addNameRange     '0.9.6',
25 silly addNameRange     '0.9.7',
25 silly addNameRange     '0.9.10',
25 silly addNameRange     '0.9.11',
25 silly addNameRange     '0.9.12',
25 silly addNameRange     '0.9.14',
25 silly addNameRange     '0.9.16',
25 silly addNameRange     '0.9.17',
25 silly addNameRange     '1.0.0',
25 silly addNameRange     '1.0.1',
25 silly addNameRange     '1.0.2',
25 silly addNameRange     '1.0.2-rc',
25 silly addNameRange     '0.6.10-a',
25 silly addNameRange     '1.0.2-rc3',
25 silly addNameRange     '1.0.2-rc4',
25 silly addNameRange     '1.0.3',
25 silly addNameRange     '1.0.4',
25 silly addNameRange     '1.0.5',
25 silly addNameRange     '1.0.6',
25 silly addNameRange     '1.0.7',
25 silly addNameRange     '1.0.8',
25 silly addNameRange     '1.0.9',
25 silly addNameRange     '1.0.10',
25 silly addNameRange     '1.0.11',
25 silly addNameRange     '1.0.12',
25 silly addNameRange     '1.0.13',
25 silly addNameRange     '1.0.14',
25 silly addNameRange     '1.0.15',
25 silly addNameRange     '1.0.16',
25 silly addNameRange     '1.0.17-rc1',
25 silly addNameRange     '1.0.17-rc2',
25 silly addNameRange     '1.0.17',
25 silly addNameRange     '1.0.18',
25 silly addNameRange     '1.0.19',
25 silly addNameRange     '1.0.20',
25 silly addNameRange     '1.1.0-alpha',
25 silly addNameRange     '1.1.0',
25 silly addNameRange     '1.1.1',
25 silly addNameRange     '1.2.0',
25 silly addNameRange     '1.2.1',
25 silly addNameRange     '1.3.0-0',
25 silly addNameRange     '1.3.0-1',
25 silly addNameRange     '1.3.0-2',
25 silly addNameRange     '1.3.0-3',
25 silly addNameRange     '1.3.0-4',
25 silly addNameRange     '1.3.0-5',
25 silly addNameRange     '1.3.0-6',
25 silly addNameRange     '1.3.0-7',
25 silly addNameRange     '1.3.0',
25 silly addNameRange     '1.3.1',
25 silly addNameRange     '1.3.2',
25 silly addNameRange     '1.3.3',
25 silly addNameRange     '1.3.5',
25 silly addNameRange     '1.3.6',
25 silly addNameRange     '1.3.7' ] ]
26 verbose addNamed nodemon@1.3.7
27 silly addNamed semver.valid 1.3.7
28 silly addNamed semver.validRange 1.3.7
29 silly mapToRegistry name nodemon
30 silly mapToRegistry using default registry
31 silly mapToRegistry registry https://registry.npmjs.org/
32 silly mapToRegistry uri https://registry.npmjs.org/nodemon
33 verbose addRemoteTarball https://registry.npmjs.org/nodemon/-/nodemon-1.3.7.tgz not in flight; adding
34 verbose addRemoteTarball [ 'https://registry.npmjs.org/nodemon/-/nodemon-1.3.7.tgz',
34 verbose addRemoteTarball   '447bc2e01bf499cbf5853f9937496e0a04835449' ]
35 info retry fetch attempt 1 at 09:54:54
36 info attempt registry request try #1 at 09:54:54
37 http fetch GET https://registry.npmjs.org/nodemon/-/nodemon-1.3.7.tgz
38 http fetch 200 https://registry.npmjs.org/nodemon/-/nodemon-1.3.7.tgz
39 silly fetchAndShaCheck shasum 447bc2e01bf499cbf5853f9937496e0a04835449
40 verbose addTmpTarball /var/folders/zz/zyxvpxvq6csfxvn_n00000s4000069/T/npm-2831-9f09744a/registry.npmjs.org/nodemon/-/nodemon-1.3.7.tgz not in flight; adding
41 verbose addTmpTarball already have metadata; skipping unpack for nodemon@1.3.7
42 silly cache afterAdd nodemon@1.3.7
43 verbose afterAdd /Users/Guest/.npm/nodemon/1.3.7/package/package.json not in flight; writing
44 verbose afterAdd /Users/Guest/.npm/nodemon/1.3.7/package/package.json written
45 silly install resolved [ { name: 'nodemon',
45 silly install resolved     homepage: 'http://nodemon.io',
45 silly install resolved     author: { name: 'Remy Sharp', url: 'http://github.com/remy' },
45 silly install resolved     bin: { nodemon: './bin/nodemon.js' },
45 silly install resolved     engines: { node: '>=0.8' },
45 silly install resolved     repository: { type: 'git', url: 'http://github.com/remy/nodemon.git' },
45 silly install resolved     description: 'Simple monitor script for use during development of a node.js app.',
45 silly install resolved     keywords:
45 silly install resolved      [ 'monitor',
45 silly install resolved        'development',
45 silly install resolved        'restart',
45 silly install resolved        'autoload',
45 silly install resolved        'reload',
45 silly install resolved        'terminal' ],
45 silly install resolved     version: '1.3.7',
45 silly install resolved     preferGlobal: 'true',
45 silly install resolved     licenses: [ [Object] ],
45 silly install resolved     main: './lib/nodemon',
45 silly install resolved     scripts:
45 silly install resolved      { coverage: 'istanbul cover _mocha -- --timeout 30000 --ui bdd --reporter list test/**/*.test.js',
45 silly install resolved        ':test': 'mocha --timeout 30000 --ui bdd test/**/*.test.js',
45 silly install resolved        test: 'for FILE in test/**/*.test.js; do echo $FILE; ./node_modules/.bin/mocha --timeout 30000 $FILE; if [ $? -ne 0 ]; then exit 1; fi; sleep 1; done',
45 silly install resolved        web: 'node web' },
45 silly install resolved     devDependencies:
45 silly install resolved      { 'coffee-script': '~1.7.1',
45 silly install resolved        connect: '~2.19.1',
45 silly install resolved        istanbul: '~0.2.10',
45 silly install resolved        mocha: '^2.0.1',
45 silly install resolved        should: '~4.0.0' },
45 silly install resolved     dependencies:
45 silly install resolved      { minimatch: '~0.3.0',
45 silly install resolved        'ps-tree': '~0.0.3',
45 silly install resolved        touch: '~0.0.3',
45 silly install resolved        'update-notifier': '^0.3.0' },
45 silly install resolved     gitHead: 'ceb53ce403f7b5a39ba4c133f73fe780e472209e',
45 silly install resolved     bugs: { url: 'https://github.com/remy/nodemon/issues' },
45 silly install resolved     _id: 'nodemon@1.3.7',
45 silly install resolved     _shasum: '447bc2e01bf499cbf5853f9937496e0a04835449',
45 silly install resolved     _from: 'nodemon@*',
45 silly install resolved     _npmVersion: '1.4.28',
45 silly install resolved     _npmUser: { name: 'remy', email: 'remy@remysharp.com' },
45 silly install resolved     maintainers: [ [Object] ],
45 silly install resolved     dist:
45 silly install resolved      { shasum: '447bc2e01bf499cbf5853f9937496e0a04835449',
45 silly install resolved        tarball: 'http://registry.npmjs.org/nodemon/-/nodemon-1.3.7.tgz' },
45 silly install resolved     directories: {},
45 silly install resolved     _resolved: 'https://registry.npmjs.org/nodemon/-/nodemon-1.3.7.tgz' } ]
46 info install nodemon@1.3.7 into /usr/local/lib
47 info installOne nodemon@1.3.7
48 verbose installOne of nodemon to /usr/local/lib not in flight; installing
49 verbose lock using /Users/Guest/.npm/_locks/nodemon-49f7ed19e778991e.lock for /usr/local/lib/node_modules/nodemon
50 silly install write writing nodemon 1.3.7 to /usr/local/lib/node_modules/nodemon
51 silly cache addNamed cb nodemon@1.3.7
52 verbose unbuild lib/node_modules/nodemon
53 verbose gentlyRm vacuuming /usr/local/lib/node_modules/nodemon
54 verbose tar unpack /Users/Guest/.npm/nodemon/1.3.7/package.tgz
55 verbose tar unpacking to /usr/local/lib/node_modules/nodemon
56 verbose gentlyRm vacuuming /usr/local/lib/node_modules/nodemon
57 silly gunzTarPerm modes [ '755', '644' ]
58 error tar.unpack untar error /Users/Guest/.npm/nodemon/1.3.7/package.tgz
59 verbose unlock done using /Users/Guest/.npm/_locks/nodemon-49f7ed19e778991e.lock for /usr/local/lib/node_modules/nodemon
60 verbose fstream_path /usr/local/lib/node_modules/nodemon
61 verbose fstream_type Directory
62 verbose fstream_class DirWriter
63 verbose stack Error: EACCES, mkdir '/usr/local/lib/node_modules/nodemon'
63 verbose stack     at Error (native)
64 verbose fstream_stack /usr/local/lib/node_modules/npm/node_modules/fstream/lib/dir-writer.js:36:23
64 verbose fstream_stack /usr/local/lib/node_modules/npm/node_modules/mkdirp/index.js:46:53
64 verbose fstream_stack FSReqWrap.oncomplete (fs.js:99:15)
65 verbose cwd /Users/Guest/PanodolApp/Panodol
66 error Darwin 13.4.0
67 error argv "node" "/usr/local/bin/npm" "install" "-g" "nodemon"
68 error node v0.12.0
69 error npm  v2.5.1
70 error path /usr/local/lib/node_modules/nodemon
71 error code EACCES
72 error errno -13
73 error Error: EACCES, mkdir '/usr/local/lib/node_modules/nodemon'
73 error     at Error (native)
73 error  { [Error: EACCES, mkdir '/usr/local/lib/node_modules/nodemon']
73 error   errno: -13,
73 error   code: 'EACCES',
73 error   path: '/usr/local/lib/node_modules/nodemon',
73 error   fstream_type: 'Directory',
73 error   fstream_path: '/usr/local/lib/node_modules/nodemon',
73 error   fstream_class: 'DirWriter',
73 error   fstream_stack:
73 error    [ '/usr/local/lib/node_modules/npm/node_modules/fstream/lib/dir-writer.js:36:23',
73 error      '/usr/local/lib/node_modules/npm/node_modules/mkdirp/index.js:46:53',
73 error      'FSReqWrap.oncomplete (fs.js:99:15)' ] }
74 error Please try running this command again as root/Administrator.
75 verbose exit [ -13, true ]
76 verbose unbuild lib/node_modules/nodemon
77 verbose gentlyRm vacuuming /usr/local/lib/node_modules/nodemon
